I:\IC\SkeletonBasics-D2D\x64\Debug\cl.command.1.tlog
I:\IC\SkeletonBasics-D2D\x64\Debug\CL.read.1.tlog
I:\IC\SkeletonBasics-D2D\x64\Debug\CL.write.1.tlog
I:\IC\SkeletonBasics-D2D\x64\Debug\link.command.1.tlog
I:\IC\SkeletonBasics-D2D\x64\Debug\link.read.1.tlog
I:\IC\SkeletonBasics-D2D\x64\Debug\link.write.1.tlog
I:\IC\SkeletonBasics-D2D\x64\Debug\link-cvtres.read.1.tlog
I:\IC\SkeletonBasics-D2D\x64\Debug\link-cvtres.write.1.tlog
I:\IC\SkeletonBasics-D2D\x64\Debug\mt.command.1.tlog
I:\IC\SkeletonBasics-D2D\x64\Debug\mt.read.1.tlog
I:\IC\SkeletonBasics-D2D\x64\Debug\mt.write.1.tlog
I:\IC\SkeletonBasics-D2D\x64\Debug\rc.command.1.tlog
I:\IC\SkeletonBasics-D2D\x64\Debug\rc.read.1.tlog
I:\IC\SkeletonBasics-D2D\x64\Debug\rc.write.1.tlog
I:\IC\SKELETONBASICS-D2D\X64\DEBUG\SKELETONBASICS.OBJ
I:\IC\SKELETONBASICS-D2D\X64\DEBUG\SKELETONBASICS.RES
I:\IC\SKELETONBASICS-D2D\X64\DEBUG\SKELETONBASICS-D2D.EXE
I:\IC\SKELETONBASICS-D2D\X64\DEBUG\SKELETONBASICS-D2D.EXE.EMBED.MANIFEST
I:\IC\SKELETONBASICS-D2D\X64\DEBUG\SKELETONBASICS-D2D.EXE.EMBED.MANIFEST.RES
I:\IC\SKELETONBASICS-D2D\X64\DEBUG\SKELETONBASICS-D2D.EXE.INTERMEDIATE.MANIFEST
I:\IC\SKELETONBASICS-D2D\X64\DEBUG\SKELETONBASICS-D2D.ILK
I:\IC\SKELETONBASICS-D2D\X64\DEBUG\SKELETONBASICS-D2D.PDB
I:\IC\SkeletonBasics-D2D\x64\Debug\SkeletonBasics-D2D.write.1.tlog
I:\IC\SkeletonBasics-D2D\x64\Debug\SkeletonBasics-D2D_manifest.rc
I:\IC\SKELETONBASICS-D2D\X64\DEBUG\TINYXML2.OBJ
I:\IC\SkeletonBasics-D2D\x64\Debug\vc100.idb
I:\IC\SKELETONBASICS-D2D\X64\DEBUG\VC100.PDB
