C:\Program Files\Microsoft SDKs\Kinect\Developer Toolkit v1.8.0\Samples\C++\SkeletonBasics-D2D\Debug\cl.command.1.tlog
C:\Program Files\Microsoft SDKs\Kinect\Developer Toolkit v1.8.0\Samples\C++\SkeletonBasics-D2D\Debug\CL.read.1.tlog
C:\Program Files\Microsoft SDKs\Kinect\Developer Toolkit v1.8.0\Samples\C++\SkeletonBasics-D2D\Debug\CL.write.1.tlog
C:\Program Files\Microsoft SDKs\Kinect\Developer Toolkit v1.8.0\Samples\C++\SkeletonBasics-D2D\Debug\link.command.1.tlog
C:\Program Files\Microsoft SDKs\Kinect\Developer Toolkit v1.8.0\Samples\C++\SkeletonBasics-D2D\Debug\link.read.1.tlog
C:\Program Files\Microsoft SDKs\Kinect\Developer Toolkit v1.8.0\Samples\C++\SkeletonBasics-D2D\Debug\link.write.1.tlog
C:\Program Files\Microsoft SDKs\Kinect\Developer Toolkit v1.8.0\Samples\C++\SkeletonBasics-D2D\Debug\link-cvtres.read.1.tlog
C:\Program Files\Microsoft SDKs\Kinect\Developer Toolkit v1.8.0\Samples\C++\SkeletonBasics-D2D\Debug\link-cvtres.write.1.tlog
C:\Program Files\Microsoft SDKs\Kinect\Developer Toolkit v1.8.0\Samples\C++\SkeletonBasics-D2D\Debug\mt.command.1.tlog
C:\Program Files\Microsoft SDKs\Kinect\Developer Toolkit v1.8.0\Samples\C++\SkeletonBasics-D2D\Debug\mt.read.1.tlog
C:\Program Files\Microsoft SDKs\Kinect\Developer Toolkit v1.8.0\Samples\C++\SkeletonBasics-D2D\Debug\mt.write.1.tlog
C:\Program Files\Microsoft SDKs\Kinect\Developer Toolkit v1.8.0\Samples\C++\SkeletonBasics-D2D\Debug\rc.command.1.tlog
C:\Program Files\Microsoft SDKs\Kinect\Developer Toolkit v1.8.0\Samples\C++\SkeletonBasics-D2D\Debug\rc.read.1.tlog
C:\Program Files\Microsoft SDKs\Kinect\Developer Toolkit v1.8.0\Samples\C++\SkeletonBasics-D2D\Debug\rc.write.1.tlog
C:\PROGRAM FILES\MICROSOFT SDKS\KINECT\DEVELOPER TOOLKIT V1.8.0\SAMPLES\C++\SKELETONBASICS-D2D\DEBUG\SKELETONBASICS.OBJ
C:\PROGRAM FILES\MICROSOFT SDKS\KINECT\DEVELOPER TOOLKIT V1.8.0\SAMPLES\C++\SKELETONBASICS-D2D\DEBUG\SKELETONBASICS.RES
C:\PROGRAM FILES\MICROSOFT SDKS\KINECT\DEVELOPER TOOLKIT V1.8.0\SAMPLES\C++\SKELETONBASICS-D2D\DEBUG\SKELETONBASICS-D2D.EXE
C:\PROGRAM FILES\MICROSOFT SDKS\KINECT\DEVELOPER TOOLKIT V1.8.0\SAMPLES\C++\SKELETONBASICS-D2D\DEBUG\SKELETONBASICS-D2D.EXE.EMBED.MANIFEST
C:\PROGRAM FILES\MICROSOFT SDKS\KINECT\DEVELOPER TOOLKIT V1.8.0\SAMPLES\C++\SKELETONBASICS-D2D\DEBUG\SKELETONBASICS-D2D.EXE.EMBED.MANIFEST.RES
C:\PROGRAM FILES\MICROSOFT SDKS\KINECT\DEVELOPER TOOLKIT V1.8.0\SAMPLES\C++\SKELETONBASICS-D2D\DEBUG\SKELETONBASICS-D2D.EXE.INTERMEDIATE.MANIFEST
C:\PROGRAM FILES\MICROSOFT SDKS\KINECT\DEVELOPER TOOLKIT V1.8.0\SAMPLES\C++\SKELETONBASICS-D2D\DEBUG\SKELETONBASICS-D2D.ILK
C:\PROGRAM FILES\MICROSOFT SDKS\KINECT\DEVELOPER TOOLKIT V1.8.0\SAMPLES\C++\SKELETONBASICS-D2D\DEBUG\SKELETONBASICS-D2D.PDB
C:\Program Files\Microsoft SDKs\Kinect\Developer Toolkit v1.8.0\Samples\C++\SkeletonBasics-D2D\Debug\SkeletonBasics-D2D.write.1.tlog
C:\Program Files\Microsoft SDKs\Kinect\Developer Toolkit v1.8.0\Samples\C++\SkeletonBasics-D2D\Debug\SkeletonBasics-D2D_manifest.rc
C:\Program Files\Microsoft SDKs\Kinect\Developer Toolkit v1.8.0\Samples\C++\SkeletonBasics-D2D\Debug\vc100.idb
C:\PROGRAM FILES\MICROSOFT SDKS\KINECT\DEVELOPER TOOLKIT V1.8.0\SAMPLES\C++\SKELETONBASICS-D2D\DEBUG\VC100.PDB
